
> jasodatos@0.1.0 build
> next build --turbopack

   ▲ Next.js 15.5.4 (Turbopack)

   Creating an optimized production build ...
 ✓ Finished writing to disk in 59ms

> Build error occurred
Error: Turbopack build failed with 3 errors:
./src/components/CsvUploader.tsx:2365:1
Parsing ecmascript source code failed
[0m [90m 2363 |[39m )}
 [90m 2364 |[39m
[31m[1m>[22m[39m[90m 2365 |[39m
 [90m      |[39m [31m[1m^[22m[39m[0m

Unexpected eof


./src/components/CsvUploader.tsx:2365:1
Parsing ecmascript source code failed
[0m [90m 2363 |[39m )}
 [90m 2364 |[39m
[31m[1m>[22m[39m[90m 2365 |[39m
 [90m      |[39m [31m[1m^[22m[39m[0m

Unexpected eof


./src/components/CsvUploader.tsx:2365:1
Parsing ecmascript source code failed
[0m [90m 2363 |[39m )}
 [90m 2364 |[39m
[31m[1m>[22m[39m[90m 2365 |[39m
 [90m      |[39m [31m[1m^[22m[39m[0m

Unexpected eof


    at <unknown> (./src/components/CsvUploader.tsx:2365:1)
    at <unknown> (./src/components/CsvUploader.tsx:2365:1)
    at <unknown> (./src/components/CsvUploader.tsx:2365:1)
